<?xml version="1.0" encoding="UTF-8"?>
<!-- Generated by org.testng.reporters.JUnitReportReporter -->
<testsuite skipped="0" hostname="DESKTOP-N7G69G5" name="home.SearchMenu" tests="1" failures="0" timestamp="06 Jan 2018 17:35:25 GMT" time="11.560" errors="0">
  <testcase name="test1" time="11.560" classname="home.SearchMenu"/>
</testsuite> <!-- home.SearchMenu -->
